{"level":"info","message":"Server is running on port 5000","timestamp":"2026-05-16T19:20:12.913Z"}
{"level":"error","message":"MQTT connection error: ","timestamp":"2026-05-16T19:20:12.953Z"}
{"level":"info","message":"Server is running on port 5000","timestamp":"2026-05-16T19:20:14.853Z"}
{"level":"info","message":"Connected to Mock MQTT broker","timestamp":"2026-05-16T19:20:14.955Z"}
{"level":"info","message":"Subscribed to factory/sensors/+","timestamp":"2026-05-16T19:20:14.955Z"}
{"level":"info","message":"Server is running on port 5000","timestamp":"2026-05-16T19:20:44.788Z"}
{"level":"info","message":"Connected to Mock MQTT broker","timestamp":"2026-05-16T19:20:44.892Z"}
{"level":"info","message":"Subscribed to factory/sensors/+","timestamp":"2026-05-16T19:20:44.893Z"}
{"level":"error","message":"Predictive analysis error: \nInvalid `prisma.sensorReading.findMany()` invocation in\nD:\\Major project\\backend\\src\\services\\predictive.service.ts:9:49\n\n  6 try {\n  7   // Example: Predict if temperature is trending dangerously upwards\n  8   // Get last 5 readings for TEMP_001\n→ 9   const readings = await prisma.sensorReading.findMany(\nThe table `main.SensorReading` does not exist in the current database.","timestamp":"2026-05-16T19:21:16.098Z"}
{"level":"error","message":"Predictive analysis error: \nInvalid `prisma.sensorReading.findMany()` invocation in\nD:\\Major project\\backend\\src\\services\\predictive.service.ts:9:49\n\n  6 try {\n  7   // Example: Predict if temperature is trending dangerously upwards\n  8   // Get last 5 readings for TEMP_001\n→ 9   const readings = await prisma.sensorReading.findMany(\nThe table `main.SensorReading` does not exist in the current database.","timestamp":"2026-05-16T19:21:46.081Z"}
{"level":"error","message":"Predictive analysis error: \nInvalid `prisma.sensorReading.findMany()` invocation in\nD:\\Major project\\backend\\src\\services\\predictive.service.ts:9:49\n\n  6 try {\n  7   // Example: Predict if temperature is trending dangerously upwards\n  8   // Get last 5 readings for TEMP_001\n→ 9   const readings = await prisma.sensorReading.findMany(\nThe table `main.SensorReading` does not exist in the current database.","timestamp":"2026-05-16T19:22:16.082Z"}
{"level":"error","message":"Predictive analysis error: \nInvalid `prisma.sensorReading.findMany()` invocation in\nD:\\Major project\\backend\\src\\services\\predictive.service.ts:9:49\n\n  6 try {\n  7   // Example: Predict if temperature is trending dangerously upwards\n  8   // Get last 5 readings for TEMP_001\n→ 9   const readings = await prisma.sensorReading.findMany(\nThe table `main.SensorReading` does not exist in the current database.","timestamp":"2026-05-16T19:22:46.083Z"}
{"level":"error","message":"Predictive analysis error: \nInvalid `prisma.sensorReading.findMany()` invocation in\nD:\\Major project\\backend\\src\\services\\predictive.service.ts:9:49\n\n  6 try {\n  7   // Example: Predict if temperature is trending dangerously upwards\n  8   // Get last 5 readings for TEMP_001\n→ 9   const readings = await prisma.sensorReading.findMany(\nThe table `main.SensorReading` does not exist in the current database.","timestamp":"2026-05-16T19:23:16.095Z"}
{"level":"info","message":"Client connected via WebSocket: G-ehU_seoZYFvjZlAAAB","timestamp":"2026-05-16T19:23:43.862Z"}
{"level":"info","message":"Client disconnected: G-ehU_seoZYFvjZlAAAB","timestamp":"2026-05-16T19:23:44.066Z"}
{"level":"error","message":"Predictive analysis error: \nInvalid `prisma.sensorReading.findMany()` invocation in\nD:\\Major project\\backend\\src\\services\\predictive.service.ts:9:49\n\n  6 try {\n  7   // Example: Predict if temperature is trending dangerously upwards\n  8   // Get last 5 readings for TEMP_001\n→ 9   const readings = await prisma.sensorReading.findMany(\nThe table `main.SensorReading` does not exist in the current database.","timestamp":"2026-05-16T19:23:46.118Z"}
{"level":"error","message":"Predictive analysis error: \nInvalid `prisma.sensorReading.findMany()` invocation in\nD:\\Major project\\backend\\src\\services\\predictive.service.ts:9:49\n\n  6 try {\n  7   // Example: Predict if temperature is trending dangerously upwards\n  8   // Get last 5 readings for TEMP_001\n→ 9   const readings = await prisma.sensorReading.findMany(\nThe table `main.SensorReading` does not exist in the current database.","timestamp":"2026-05-16T19:24:16.111Z"}
{"level":"info","message":"Client connected via WebSocket: V6fhgneSWeN4-d5nAAAE","timestamp":"2026-05-16T19:24:27.277Z"}
{"level":"info","message":"Client disconnected: V6fhgneSWeN4-d5nAAAE","timestamp":"2026-05-16T19:24:27.503Z"}
{"level":"error","message":"Predictive analysis error: \nInvalid `prisma.sensorReading.findMany()` invocation in\nD:\\Major project\\backend\\src\\services\\predictive.service.ts:9:49\n\n  6 try {\n  7   // Example: Predict if temperature is trending dangerously upwards\n  8   // Get last 5 readings for TEMP_001\n→ 9   const readings = await prisma.sensorReading.findMany(\nThe table `main.SensorReading` does not exist in the current database.","timestamp":"2026-05-16T19:24:46.111Z"}
{"level":"error","message":"Predictive analysis error: \nInvalid `prisma.sensorReading.findMany()` invocation in\nD:\\Major project\\backend\\src\\services\\predictive.service.ts:9:49\n\n  6 try {\n  7   // Example: Predict if temperature is trending dangerously upwards\n  8   // Get last 5 readings for TEMP_001\n→ 9   const readings = await prisma.sensorReading.findMany(\nThe table `main.SensorReading` does not exist in the current database.","timestamp":"2026-05-16T19:25:16.110Z"}
{"level":"error","message":"Predictive analysis error: \nInvalid `prisma.sensorReading.findMany()` invocation in\nD:\\Major project\\backend\\src\\services\\predictive.service.ts:9:49\n\n  6 try {\n  7   // Example: Predict if temperature is trending dangerously upwards\n  8   // Get last 5 readings for TEMP_001\n→ 9   const readings = await prisma.sensorReading.findMany(\nThe table `main.SensorReading` does not exist in the current database.","timestamp":"2026-05-16T19:25:46.125Z"}
{"level":"error","message":"Predictive analysis error: \nInvalid `prisma.sensorReading.findMany()` invocation in\nD:\\Major project\\backend\\src\\services\\predictive.service.ts:9:49\n\n  6 try {\n  7   // Example: Predict if temperature is trending dangerously upwards\n  8   // Get last 5 readings for TEMP_001\n→ 9   const readings = await prisma.sensorReading.findMany(\nThe table `main.SensorReading` does not exist in the current database.","timestamp":"2026-05-16T19:26:16.134Z"}
{"level":"error","message":"Predictive analysis error: \nInvalid `prisma.sensorReading.findMany()` invocation in\nD:\\Major project\\backend\\src\\services\\predictive.service.ts:9:49\n\n  6 try {\n  7   // Example: Predict if temperature is trending dangerously upwards\n  8   // Get last 5 readings for TEMP_001\n→ 9   const readings = await prisma.sensorReading.findMany(\nThe table `main.SensorReading` does not exist in the current database.","timestamp":"2026-05-16T19:26:46.132Z"}
{"level":"info","message":"Server is running on port 5000","timestamp":"2026-05-16T19:26:52.443Z"}
{"level":"info","message":"Connected to Mock MQTT broker","timestamp":"2026-05-16T19:26:52.546Z"}
{"level":"info","message":"Subscribed to factory/sensors/+","timestamp":"2026-05-16T19:26:52.547Z"}
{"level":"info","message":"Server is running on port 5000","timestamp":"2026-05-16T19:32:21.307Z"}
{"level":"info","message":"Connected to Mock MQTT broker","timestamp":"2026-05-16T19:32:21.401Z"}
{"level":"info","message":"Subscribed to factory/sensors/+","timestamp":"2026-05-16T19:32:21.402Z"}
{"level":"info","message":"Client connected via WebSocket: 7g-LEKj3PFs142FGAAAC","timestamp":"2026-05-16T19:33:02.181Z"}
{"level":"info","message":"Client disconnected: 7g-LEKj3PFs142FGAAAC","timestamp":"2026-05-16T19:33:37.773Z"}
{"level":"info","message":"Client connected via WebSocket: e4_ZN-fd8brVhH9bAAAE","timestamp":"2026-05-16T19:33:38.136Z"}
{"level":"info","message":"Client disconnected: e4_ZN-fd8brVhH9bAAAE","timestamp":"2026-05-16T19:34:34.943Z"}
{"level":"info","message":"Client connected via WebSocket: 7tIyI-8-ItFhy6N-AAAH","timestamp":"2026-05-16T19:34:35.359Z"}
{"level":"info","message":"Client connected via WebSocket: aH24ROXB5tA1S1LwAAAJ","timestamp":"2026-05-16T19:34:43.940Z"}
{"level":"info","message":"Client disconnected: aH24ROXB5tA1S1LwAAAJ","timestamp":"2026-05-16T19:34:51.879Z"}
{"level":"info","message":"Server is running on port 5000","timestamp":"2026-05-16T19:35:15.996Z"}
{"level":"info","message":"Connected to Mock MQTT broker","timestamp":"2026-05-16T19:35:16.094Z"}
{"level":"info","message":"Subscribed to factory/sensors/+","timestamp":"2026-05-16T19:35:16.095Z"}
{"level":"info","message":"Client connected via WebSocket: 75pQxsgg85A7wbbNAAAB","timestamp":"2026-05-16T19:35:16.163Z"}
{"level":"info","message":"Server is running on port 5000","timestamp":"2026-05-16T19:39:42.127Z"}
{"level":"info","message":"Connected to Mock MQTT broker","timestamp":"2026-05-16T19:39:42.230Z"}
{"level":"info","message":"Subscribed to factory/sensors/+","timestamp":"2026-05-16T19:39:42.231Z"}
{"level":"info","message":"Client connected via WebSocket: LFaJc6mtlSPD5lcWAAAB","timestamp":"2026-05-16T19:39:42.294Z"}
{"level":"info","message":"Client connected via WebSocket: Udd-9_l_hHazJQ4eAAAE","timestamp":"2026-05-16T19:40:35.442Z"}
{"level":"info","message":"Client disconnected: Udd-9_l_hHazJQ4eAAAE","timestamp":"2026-05-16T19:41:08.696Z"}
{"level":"info","message":"Client connected via WebSocket: uvFg5_DoPddTsLIYAAAG","timestamp":"2026-05-16T19:41:09.216Z"}
{"level":"info","message":"Client disconnected: uvFg5_DoPddTsLIYAAAG","timestamp":"2026-05-16T19:42:28.818Z"}
{"level":"info","message":"Server is running on port 5000","timestamp":"2026-05-16T19:43:41.617Z"}
{"level":"info","message":"Connected to Mock MQTT broker","timestamp":"2026-05-16T19:43:41.709Z"}
{"level":"info","message":"Subscribed to factory/sensors/+","timestamp":"2026-05-16T19:43:41.710Z"}
{"level":"info","message":"Server is running on port 5000","timestamp":"2026-05-16T19:44:07.152Z"}
{"level":"info","message":"Connected to Mock MQTT broker","timestamp":"2026-05-16T19:44:07.252Z"}
{"level":"info","message":"Subscribed to factory/sensors/+","timestamp":"2026-05-16T19:44:07.253Z"}
{"level":"info","message":"Server is running on port 5000","timestamp":"2026-05-16T19:46:40.675Z"}
{"level":"info","message":"Connected to Mock MQTT broker","timestamp":"2026-05-16T19:46:40.765Z"}
{"level":"info","message":"Subscribed to factory/sensors/+","timestamp":"2026-05-16T19:46:40.765Z"}
{"level":"info","message":"Server is running on port 5000","timestamp":"2026-05-16T19:47:00.011Z"}
{"level":"info","message":"Client connected via WebSocket: BAOEPopj2TZDYfXfAAAB","timestamp":"2026-05-16T19:47:00.056Z"}
{"level":"info","message":"Connected to Mock MQTT broker","timestamp":"2026-05-16T19:47:00.112Z"}
{"level":"info","message":"Subscribed to factory/sensors/+","timestamp":"2026-05-16T19:47:00.112Z"}
{"level":"info","message":"Server is running on port 5000","timestamp":"2026-05-16T19:47:07.151Z"}
{"level":"info","message":"Connected to Mock MQTT broker","timestamp":"2026-05-16T19:47:07.255Z"}
{"level":"info","message":"Subscribed to factory/sensors/+","timestamp":"2026-05-16T19:47:07.256Z"}
{"level":"info","message":"Client connected via WebSocket: DtUv3YAbhL-hHzpYAAAB","timestamp":"2026-05-16T19:47:09.131Z"}
{"level":"info","message":"Rule triggered: gas > 800 -> Action: TURN_ON_FAN","timestamp":"2026-05-16T19:47:36.238Z"}
{"level":"error","message":"Error processing MQTT message: \nInvalid `prisma.sensorReading.create()` invocation in\nD:\\Major project\\backend\\src\\mqtt\\index.ts:39:48\n\n  36 const sensorType = String(topicParts[topicParts.length - 1]); // e.g. 'temperature'\n  37 \n  38 // Save to database\n→ 39 const reading = await prisma.sensorReading.create({\n       data: {\n         sensor_id: undefined,\n         sensor_type: \"fan\",\n         value: undefined,\n         unit: undefined,\n         location: undefined,\n         status: undefined,\n         timestamp: new Date(\"Invalid Date\")\n                    ~~~~~~~~~~~~~~~~~~~~~~~~\n       }\n     })\n\nInvalid value for argument `timestamp`: Provided Date object is invalid. Expected Date.","timestamp":"2026-05-16T19:47:36.256Z"}
{"level":"info","message":"Rule triggered: gas > 800 -> Action: TURN_ON_FAN","timestamp":"2026-05-16T19:49:00.402Z"}
{"level":"error","message":"Error processing MQTT message: \nInvalid `prisma.sensorReading.create()` invocation in\nD:\\Major project\\backend\\src\\mqtt\\index.ts:39:48\n\n  36 const sensorType = String(topicParts[topicParts.length - 1]); // e.g. 'temperature'\n  37 \n  38 // Save to database\n→ 39 const reading = await prisma.sensorReading.create({\n       data: {\n         sensor_id: undefined,\n         sensor_type: \"fan\",\n         value: undefined,\n         unit: undefined,\n         location: undefined,\n         status: undefined,\n         timestamp: new Date(\"Invalid Date\")\n                    ~~~~~~~~~~~~~~~~~~~~~~~~\n       }\n     })\n\nInvalid value for argument `timestamp`: Provided Date object is invalid. Expected Date.","timestamp":"2026-05-16T19:49:00.405Z"}
{"level":"info","message":"Rule triggered: gas > 800 -> Action: TURN_ON_FAN","timestamp":"2026-05-16T19:49:20.449Z"}
{"level":"error","message":"Error processing MQTT message: \nInvalid `prisma.sensorReading.create()` invocation in\nD:\\Major project\\backend\\src\\mqtt\\index.ts:39:48\n\n  36 const sensorType = String(topicParts[topicParts.length - 1]); // e.g. 'temperature'\n  37 \n  38 // Save to database\n→ 39 const reading = await prisma.sensorReading.create({\n       data: {\n         sensor_id: undefined,\n         sensor_type: \"fan\",\n         value: undefined,\n         unit: undefined,\n         location: undefined,\n         status: undefined,\n         timestamp: new Date(\"Invalid Date\")\n                    ~~~~~~~~~~~~~~~~~~~~~~~~\n       }\n     })\n\nInvalid value for argument `timestamp`: Provided Date object is invalid. Expected Date.","timestamp":"2026-05-16T19:49:20.454Z"}
{"level":"info","message":"Client connected via WebSocket: wxDRCWXzBTyOnnCbAAAE","timestamp":"2026-05-16T19:49:50.481Z"}
{"level":"info","message":"Client disconnected: wxDRCWXzBTyOnnCbAAAE","timestamp":"2026-05-16T19:50:25.911Z"}
{"level":"info","message":"Client connected via WebSocket: l87uXvRU7Yf66fsJAAAH","timestamp":"2026-05-16T19:50:26.162Z"}
{"level":"info","message":"Client disconnected: l87uXvRU7Yf66fsJAAAH","timestamp":"2026-05-16T19:50:46.804Z"}
{"level":"info","message":"Client connected via WebSocket: 3bSKoxZqhHmz30PmAAAJ","timestamp":"2026-05-16T19:50:46.967Z"}
{"level":"info","message":"Rule triggered: gas > 800 -> Action: TURN_ON_FAN","timestamp":"2026-05-16T19:52:32.733Z"}
{"level":"error","message":"Error processing MQTT message: \nInvalid `prisma.sensorReading.create()` invocation in\nD:\\Major project\\backend\\src\\mqtt\\index.ts:39:48\n\n  36 const sensorType = String(topicParts[topicParts.length - 1]); // e.g. 'temperature'\n  37 \n  38 // Save to database\n→ 39 const reading = await prisma.sensorReading.create({\n       data: {\n         sensor_id: undefined,\n         sensor_type: \"fan\",\n         value: undefined,\n         unit: undefined,\n         location: undefined,\n         status: undefined,\n         timestamp: new Date(\"Invalid Date\")\n                    ~~~~~~~~~~~~~~~~~~~~~~~~\n       }\n     })\n\nInvalid value for argument `timestamp`: Provided Date object is invalid. Expected Date.","timestamp":"2026-05-16T19:52:32.736Z"}
{"level":"info","message":"Rule triggered: gas > 800 -> Action: TURN_ON_FAN","timestamp":"2026-05-16T19:52:40.755Z"}
{"level":"error","message":"Error processing MQTT message: \nInvalid `prisma.sensorReading.create()` invocation in\nD:\\Major project\\backend\\src\\mqtt\\index.ts:39:48\n\n  36 const sensorType = String(topicParts[topicParts.length - 1]); // e.g. 'temperature'\n  37 \n  38 // Save to database\n→ 39 const reading = await prisma.sensorReading.create({\n       data: {\n         sensor_id: undefined,\n         sensor_type: \"fan\",\n         value: undefined,\n         unit: undefined,\n         location: undefined,\n         status: undefined,\n         timestamp: new Date(\"Invalid Date\")\n                    ~~~~~~~~~~~~~~~~~~~~~~~~\n       }\n     })\n\nInvalid value for argument `timestamp`: Provided Date object is invalid. Expected Date.","timestamp":"2026-05-16T19:52:40.757Z"}
{"level":"info","message":"Client disconnected: 3bSKoxZqhHmz30PmAAAJ","timestamp":"2026-05-16T19:53:25.203Z"}
{"level":"info","message":"Client disconnected: DtUv3YAbhL-hHzpYAAAB","timestamp":"2026-05-16T19:53:25.271Z"}
{"level":"info","message":"Rule triggered: gas > 800 -> Action: TURN_ON_FAN","timestamp":"2026-05-16T19:54:36.931Z"}
{"level":"error","message":"Error processing MQTT message: \nInvalid `prisma.sensorReading.create()` invocation in\nD:\\Major project\\backend\\src\\mqtt\\index.ts:39:48\n\n  36 const sensorType = String(topicParts[topicParts.length - 1]); // e.g. 'temperature'\n  37 \n  38 // Save to database\n→ 39 const reading = await prisma.sensorReading.create({\n       data: {\n         sensor_id: undefined,\n         sensor_type: \"fan\",\n         value: undefined,\n         unit: undefined,\n         location: undefined,\n         status: undefined,\n         timestamp: new Date(\"Invalid Date\")\n                    ~~~~~~~~~~~~~~~~~~~~~~~~\n       }\n     })\n\nInvalid value for argument `timestamp`: Provided Date object is invalid. Expected Date.","timestamp":"2026-05-16T19:54:36.932Z"}
{"level":"info","message":"Rule triggered: gas > 800 -> Action: TURN_ON_FAN","timestamp":"2026-05-16T19:59:05.404Z"}
{"level":"error","message":"Error processing MQTT message: \nInvalid `prisma.sensorReading.create()` invocation in\nD:\\Major project\\backend\\src\\mqtt\\index.ts:39:48\n\n  36 const sensorType = String(topicParts[topicParts.length - 1]); // e.g. 'temperature'\n  37 \n  38 // Save to database\n→ 39 const reading = await prisma.sensorReading.create({\n       data: {\n         sensor_id: undefined,\n         sensor_type: \"fan\",\n         value: undefined,\n         unit: undefined,\n         location: undefined,\n         status: undefined,\n         timestamp: new Date(\"Invalid Date\")\n                    ~~~~~~~~~~~~~~~~~~~~~~~~\n       }\n     })\n\nInvalid value for argument `timestamp`: Provided Date object is invalid. Expected Date.","timestamp":"2026-05-16T19:59:05.406Z"}
{"level":"info","message":"Rule triggered: gas > 800 -> Action: TURN_ON_FAN","timestamp":"2026-05-16T19:59:13.416Z"}
{"level":"error","message":"Error processing MQTT message: \nInvalid `prisma.sensorReading.create()` invocation in\nD:\\Major project\\backend\\src\\mqtt\\index.ts:39:48\n\n  36 const sensorType = String(topicParts[topicParts.length - 1]); // e.g. 'temperature'\n  37 \n  38 // Save to database\n→ 39 const reading = await prisma.sensorReading.create({\n       data: {\n         sensor_id: undefined,\n         sensor_type: \"fan\",\n         value: undefined,\n         unit: undefined,\n         location: undefined,\n         status: undefined,\n         timestamp: new Date(\"Invalid Date\")\n                    ~~~~~~~~~~~~~~~~~~~~~~~~\n       }\n     })\n\nInvalid value for argument `timestamp`: Provided Date object is invalid. Expected Date.","timestamp":"2026-05-16T19:59:13.417Z"}
{"level":"info","message":"Client connected via WebSocket: sQ53W-NwCdY8aWEdAAAM","timestamp":"2026-05-16T19:59:44.771Z"}
{"level":"info","message":"Client connected via WebSocket: K7V4BNnrCOEhZjpmAAAP","timestamp":"2026-05-16T19:59:44.857Z"}
{"level":"info","message":"Client disconnected: sQ53W-NwCdY8aWEdAAAM","timestamp":"2026-05-16T20:00:06.389Z"}
{"level":"info","message":"Rule triggered: gas > 800 -> Action: TURN_ON_FAN","timestamp":"2026-05-16T20:00:21.566Z"}
{"level":"error","message":"Error processing MQTT message: \nInvalid `prisma.sensorReading.create()` invocation in\nD:\\Major project\\backend\\src\\mqtt\\index.ts:39:48\n\n  36 const sensorType = String(topicParts[topicParts.length - 1]); // e.g. 'temperature'\n  37 \n  38 // Save to database\n→ 39 const reading = await prisma.sensorReading.create({\n       data: {\n         sensor_id: undefined,\n         sensor_type: \"fan\",\n         value: undefined,\n         unit: undefined,\n         location: undefined,\n         status: undefined,\n         timestamp: new Date(\"Invalid Date\")\n                    ~~~~~~~~~~~~~~~~~~~~~~~~\n       }\n     })\n\nInvalid value for argument `timestamp`: Provided Date object is invalid. Expected Date.","timestamp":"2026-05-16T20:00:21.573Z"}
{"level":"info","message":"Client connected via WebSocket: 1HWmPC9rylZUmp7QAAAS","timestamp":"2026-05-16T20:00:52.454Z"}
{"level":"info","message":"Client connected via WebSocket: C9Ub4Ox5gcx__YfPAAAU","timestamp":"2026-05-16T20:00:58.197Z"}
{"level":"info","message":"Client disconnected: C9Ub4Ox5gcx__YfPAAAU","timestamp":"2026-05-16T20:00:58.653Z"}
{"level":"info","message":"Rule triggered: gas > 800 -> Action: TURN_ON_FAN","timestamp":"2026-05-16T20:01:33.709Z"}
{"level":"error","message":"Error processing MQTT message: \nInvalid `prisma.sensorReading.create()` invocation in\nD:\\Major project\\backend\\src\\mqtt\\index.ts:39:48\n\n  36 const sensorType = String(topicParts[topicParts.length - 1]); // e.g. 'temperature'\n  37 \n  38 // Save to database\n→ 39 const reading = await prisma.sensorReading.create({\n       data: {\n         sensor_id: undefined,\n         sensor_type: \"fan\",\n         value: undefined,\n         unit: undefined,\n         location: undefined,\n         status: undefined,\n         timestamp: new Date(\"Invalid Date\")\n                    ~~~~~~~~~~~~~~~~~~~~~~~~\n       }\n     })\n\nInvalid value for argument `timestamp`: Provided Date object is invalid. Expected Date.","timestamp":"2026-05-16T20:01:33.711Z"}
{"level":"info","message":"Client connected via WebSocket: jE8AMpJEDR8MQ0eHAAAX","timestamp":"2026-05-16T20:02:38.185Z"}
{"level":"info","message":"Rule triggered: gas > 800 -> Action: TURN_ON_FAN","timestamp":"2026-05-16T20:03:49.915Z"}
{"level":"error","message":"Error processing MQTT message: \nInvalid `prisma.sensorReading.create()` invocation in\nD:\\Major project\\backend\\src\\mqtt\\index.ts:39:48\n\n  36 const sensorType = String(topicParts[topicParts.length - 1]); // e.g. 'temperature'\n  37 \n  38 // Save to database\n→ 39 const reading = await prisma.sensorReading.create({\n       data: {\n         sensor_id: undefined,\n         sensor_type: \"fan\",\n         value: undefined,\n         unit: undefined,\n         location: undefined,\n         status: undefined,\n         timestamp: new Date(\"Invalid Date\")\n                    ~~~~~~~~~~~~~~~~~~~~~~~~\n       }\n     })\n\nInvalid value for argument `timestamp`: Provided Date object is invalid. Expected Date.","timestamp":"2026-05-16T20:03:49.917Z"}
{"level":"info","message":"Rule triggered: gas > 800 -> Action: TURN_ON_FAN","timestamp":"2026-05-16T20:04:33.987Z"}
{"level":"error","message":"Error processing MQTT message: \nInvalid `prisma.sensorReading.create()` invocation in\nD:\\Major project\\backend\\src\\mqtt\\index.ts:39:48\n\n  36 const sensorType = String(topicParts[topicParts.length - 1]); // e.g. 'temperature'\n  37 \n  38 // Save to database\n→ 39 const reading = await prisma.sensorReading.create({\n       data: {\n         sensor_id: undefined,\n         sensor_type: \"fan\",\n         value: undefined,\n         unit: undefined,\n         location: undefined,\n         status: undefined,\n         timestamp: new Date(\"Invalid Date\")\n                    ~~~~~~~~~~~~~~~~~~~~~~~~\n       }\n     })\n\nInvalid value for argument `timestamp`: Provided Date object is invalid. Expected Date.","timestamp":"2026-05-16T20:04:33.989Z"}
{"level":"info","message":"Client connected via WebSocket: UZtfM2kwO2pik_0PAAAZ","timestamp":"2026-05-16T20:04:55.903Z"}
{"level":"info","message":"Rule triggered: gas > 800 -> Action: TURN_ON_FAN","timestamp":"2026-05-16T20:05:22.105Z"}
{"level":"error","message":"Error processing MQTT message: \nInvalid `prisma.sensorReading.create()` invocation in\nD:\\Major project\\backend\\src\\mqtt\\index.ts:39:48\n\n  36 const sensorType = String(topicParts[topicParts.length - 1]); // e.g. 'temperature'\n  37 \n  38 // Save to database\n→ 39 const reading = await prisma.sensorReading.create({\n       data: {\n         sensor_id: undefined,\n         sensor_type: \"fan\",\n         value: undefined,\n         unit: undefined,\n         location: undefined,\n         status: undefined,\n         timestamp: new Date(\"Invalid Date\")\n                    ~~~~~~~~~~~~~~~~~~~~~~~~\n       }\n     })\n\nInvalid value for argument `timestamp`: Provided Date object is invalid. Expected Date.","timestamp":"2026-05-16T20:05:22.107Z"}
{"level":"info","message":"Client disconnected: jE8AMpJEDR8MQ0eHAAAX","timestamp":"2026-05-16T20:05:50.935Z"}
{"level":"info","message":"Client connected via WebSocket: sqKqNovmMcpwKjbbAAAc","timestamp":"2026-05-16T20:05:58.552Z"}
{"level":"info","message":"Client disconnected: sqKqNovmMcpwKjbbAAAc","timestamp":"2026-05-16T20:06:00.739Z"}
{"level":"info","message":"Client connected via WebSocket: ZtLe-aFgwWLNM49GAAAf","timestamp":"2026-05-16T20:06:05.161Z"}
{"level":"info","message":"Client disconnected: ZtLe-aFgwWLNM49GAAAf","timestamp":"2026-05-16T20:06:09.874Z"}
{"level":"info","message":"Client disconnected: UZtfM2kwO2pik_0PAAAZ","timestamp":"2026-05-16T20:07:34.322Z"}
{"level":"info","message":"Client disconnected: 1HWmPC9rylZUmp7QAAAS","timestamp":"2026-05-16T20:07:34.325Z"}
{"level":"info","message":"Client disconnected: K7V4BNnrCOEhZjpmAAAP","timestamp":"2026-05-16T20:07:34.332Z"}
{"level":"info","message":"Rule triggered: gas > 800 -> Action: TURN_ON_FAN","timestamp":"2026-05-16T20:07:38.299Z"}
{"level":"error","message":"Error processing MQTT message: \nInvalid `prisma.sensorReading.create()` invocation in\nD:\\Major project\\backend\\src\\mqtt\\index.ts:39:48\n\n  36 const sensorType = String(topicParts[topicParts.length - 1]); // e.g. 'temperature'\n  37 \n  38 // Save to database\n→ 39 const reading = await prisma.sensorReading.create({\n       data: {\n         sensor_id: undefined,\n         sensor_type: \"fan\",\n         value: undefined,\n         unit: undefined,\n         location: undefined,\n         status: undefined,\n         timestamp: new Date(\"Invalid Date\")\n                    ~~~~~~~~~~~~~~~~~~~~~~~~\n       }\n     })\n\nInvalid value for argument `timestamp`: Provided Date object is invalid. Expected Date.","timestamp":"2026-05-16T20:07:38.301Z"}
{"level":"info","message":"Rule triggered: gas > 800 -> Action: TURN_ON_FAN","timestamp":"2026-05-16T20:08:38.420Z"}
{"level":"error","message":"Error processing MQTT message: \nInvalid `prisma.sensorReading.create()` invocation in\nD:\\Major project\\backend\\src\\mqtt\\index.ts:39:48\n\n  36 const sensorType = String(topicParts[topicParts.length - 1]); // e.g. 'temperature'\n  37 \n  38 // Save to database\n→ 39 const reading = await prisma.sensorReading.create({\n       data: {\n         sensor_id: undefined,\n         sensor_type: \"fan\",\n         value: undefined,\n         unit: undefined,\n         location: undefined,\n         status: undefined,\n         timestamp: new Date(\"Invalid Date\")\n                    ~~~~~~~~~~~~~~~~~~~~~~~~\n       }\n     })\n\nInvalid value for argument `timestamp`: Provided Date object is invalid. Expected Date.","timestamp":"2026-05-16T20:08:38.422Z"}
{"level":"info","message":"Rule triggered: gas > 800 -> Action: TURN_ON_FAN","timestamp":"2026-05-16T20:09:02.471Z"}
{"level":"error","message":"Error processing MQTT message: \nInvalid `prisma.sensorReading.create()` invocation in\nD:\\Major project\\backend\\src\\mqtt\\index.ts:39:48\n\n  36 const sensorType = String(topicParts[topicParts.length - 1]); // e.g. 'temperature'\n  37 \n  38 // Save to database\n→ 39 const reading = await prisma.sensorReading.create({\n       data: {\n         sensor_id: undefined,\n         sensor_type: \"fan\",\n         value: undefined,\n         unit: undefined,\n         location: undefined,\n         status: undefined,\n         timestamp: new Date(\"Invalid Date\")\n                    ~~~~~~~~~~~~~~~~~~~~~~~~\n       }\n     })\n\nInvalid value for argument `timestamp`: Provided Date object is invalid. Expected Date.","timestamp":"2026-05-16T20:09:02.472Z"}
{"level":"info","message":"Rule triggered: gas > 800 -> Action: TURN_ON_FAN","timestamp":"2026-05-16T20:09:06.496Z"}
{"level":"error","message":"Error processing MQTT message: \nInvalid `prisma.sensorReading.create()` invocation in\nD:\\Major project\\backend\\src\\mqtt\\index.ts:39:48\n\n  36 const sensorType = String(topicParts[topicParts.length - 1]); // e.g. 'temperature'\n  37 \n  38 // Save to database\n→ 39 const reading = await prisma.sensorReading.create({\n       data: {\n         sensor_id: undefined,\n         sensor_type: \"fan\",\n         value: undefined,\n         unit: undefined,\n         location: undefined,\n         status: undefined,\n         timestamp: new Date(\"Invalid Date\")\n                    ~~~~~~~~~~~~~~~~~~~~~~~~\n       }\n     })\n\nInvalid value for argument `timestamp`: Provided Date object is invalid. Expected Date.","timestamp":"2026-05-16T20:09:06.499Z"}
{"level":"info","message":"Client connected via WebSocket: QnaeQAh5BiKqfwb5AAAi","timestamp":"2026-05-16T20:10:12.237Z"}
{"level":"info","message":"Client connected via WebSocket: -iD0wncYovetcr4QAAAj","timestamp":"2026-05-16T20:10:12.250Z"}
{"level":"info","message":"Client disconnected: QnaeQAh5BiKqfwb5AAAi","timestamp":"2026-05-16T20:10:12.686Z"}
{"level":"info","message":"Client disconnected: -iD0wncYovetcr4QAAAj","timestamp":"2026-05-16T20:10:12.801Z"}
{"level":"info","message":"Client connected via WebSocket: iLTEtopspXXPxDlYAAAp","timestamp":"2026-05-16T20:10:13.784Z"}
{"level":"info","message":"Client connected via WebSocket: FVLUDxeg2FfeaQ2CAAAr","timestamp":"2026-05-16T20:10:13.808Z"}
{"level":"info","message":"Client connected via WebSocket: 5GFm-MqZXSXnTxz9AAAs","timestamp":"2026-05-16T20:10:13.847Z"}
{"level":"info","message":"Client connected via WebSocket: K2Yx25rLpkpM77tHAAAv","timestamp":"2026-05-16T20:10:13.954Z"}
{"level":"info","message":"Rule triggered: gas > 800 -> Action: TURN_ON_FAN","timestamp":"2026-05-16T20:10:34.630Z"}
{"level":"error","message":"Error processing MQTT message: \nInvalid `prisma.sensorReading.create()` invocation in\nD:\\Major project\\backend\\src\\mqtt\\index.ts:39:48\n\n  36 const sensorType = String(topicParts[topicParts.length - 1]); // e.g. 'temperature'\n  37 \n  38 // Save to database\n→ 39 const reading = await prisma.sensorReading.create({\n       data: {\n         sensor_id: undefined,\n         sensor_type: \"fan\",\n         value: undefined,\n         unit: undefined,\n         location: undefined,\n         status: undefined,\n         timestamp: new Date(\"Invalid Date\")\n                    ~~~~~~~~~~~~~~~~~~~~~~~~\n       }\n     })\n\nInvalid value for argument `timestamp`: Provided Date object is invalid. Expected Date.","timestamp":"2026-05-16T20:10:34.632Z"}
{"level":"info","message":"Client disconnected: FVLUDxeg2FfeaQ2CAAAr","timestamp":"2026-05-16T20:10:41.682Z"}
{"level":"info","message":"Client connected via WebSocket: ItSzLxoB_1gR3h4UAAAx","timestamp":"2026-05-16T20:10:41.957Z"}
{"level":"info","message":"Rule triggered: gas > 800 -> Action: TURN_ON_FAN","timestamp":"2026-05-16T20:10:54.676Z"}
{"level":"error","message":"Error processing MQTT message: \nInvalid `prisma.sensorReading.create()` invocation in\nD:\\Major project\\backend\\src\\mqtt\\index.ts:39:48\n\n  36 const sensorType = String(topicParts[topicParts.length - 1]); // e.g. 'temperature'\n  37 \n  38 // Save to database\n→ 39 const reading = await prisma.sensorReading.create({\n       data: {\n         sensor_id: undefined,\n         sensor_type: \"fan\",\n         value: undefined,\n         unit: undefined,\n         location: undefined,\n         status: undefined,\n         timestamp: new Date(\"Invalid Date\")\n                    ~~~~~~~~~~~~~~~~~~~~~~~~\n       }\n     })\n\nInvalid value for argument `timestamp`: Provided Date object is invalid. Expected Date.","timestamp":"2026-05-16T20:10:54.679Z"}
{"level":"info","message":"Client disconnected: ItSzLxoB_1gR3h4UAAAx","timestamp":"2026-05-16T20:11:10.047Z"}
{"level":"info","message":"Rule triggered: gas > 800 -> Action: TURN_ON_FAN","timestamp":"2026-05-16T20:11:22.718Z"}
{"level":"error","message":"Error processing MQTT message: \nInvalid `prisma.sensorReading.create()` invocation in\nD:\\Major project\\backend\\src\\mqtt\\index.ts:39:48\n\n  36 const sensorType = String(topicParts[topicParts.length - 1]); // e.g. 'temperature'\n  37 \n  38 // Save to database\n→ 39 const reading = await prisma.sensorReading.create({\n       data: {\n         sensor_id: undefined,\n         sensor_type: \"fan\",\n         value: undefined,\n         unit: undefined,\n         location: undefined,\n         status: undefined,\n         timestamp: new Date(\"Invalid Date\")\n                    ~~~~~~~~~~~~~~~~~~~~~~~~\n       }\n     })\n\nInvalid value for argument `timestamp`: Provided Date object is invalid. Expected Date.","timestamp":"2026-05-16T20:11:22.720Z"}
{"level":"info","message":"Rule triggered: gas > 800 -> Action: TURN_ON_FAN","timestamp":"2026-05-16T20:11:42.749Z"}
{"level":"error","message":"Error processing MQTT message: \nInvalid `prisma.sensorReading.create()` invocation in\nD:\\Major project\\backend\\src\\mqtt\\index.ts:39:48\n\n  36 const sensorType = String(topicParts[topicParts.length - 1]); // e.g. 'temperature'\n  37 \n  38 // Save to database\n→ 39 const reading = await prisma.sensorReading.create({\n       data: {\n         sensor_id: undefined,\n         sensor_type: \"fan\",\n         value: undefined,\n         unit: undefined,\n         location: undefined,\n         status: undefined,\n         timestamp: new Date(\"Invalid Date\")\n                    ~~~~~~~~~~~~~~~~~~~~~~~~\n       }\n     })\n\nInvalid value for argument `timestamp`: Provided Date object is invalid. Expected Date.","timestamp":"2026-05-16T20:11:42.751Z"}
{"level":"info","message":"Rule triggered: gas > 800 -> Action: TURN_ON_FAN","timestamp":"2026-05-16T20:11:46.754Z"}
{"level":"error","message":"Error processing MQTT message: \nInvalid `prisma.sensorReading.create()` invocation in\nD:\\Major project\\backend\\src\\mqtt\\index.ts:39:48\n\n  36 const sensorType = String(topicParts[topicParts.length - 1]); // e.g. 'temperature'\n  37 \n  38 // Save to database\n→ 39 const reading = await prisma.sensorReading.create({\n       data: {\n         sensor_id: undefined,\n         sensor_type: \"fan\",\n         value: undefined,\n         unit: undefined,\n         location: undefined,\n         status: undefined,\n         timestamp: new Date(\"Invalid Date\")\n                    ~~~~~~~~~~~~~~~~~~~~~~~~\n       }\n     })\n\nInvalid value for argument `timestamp`: Provided Date object is invalid. Expected Date.","timestamp":"2026-05-16T20:11:46.756Z"}
{"level":"info","message":"Rule triggered: gas > 800 -> Action: TURN_ON_FAN","timestamp":"2026-05-16T20:12:10.797Z"}
{"level":"error","message":"Error processing MQTT message: \nInvalid `prisma.sensorReading.create()` invocation in\nD:\\Major project\\backend\\src\\mqtt\\index.ts:39:48\n\n  36 const sensorType = String(topicParts[topicParts.length - 1]); // e.g. 'temperature'\n  37 \n  38 // Save to database\n→ 39 const reading = await prisma.sensorReading.create({\n       data: {\n         sensor_id: undefined,\n         sensor_type: \"fan\",\n         value: undefined,\n         unit: undefined,\n         location: undefined,\n         status: undefined,\n         timestamp: new Date(\"Invalid Date\")\n                    ~~~~~~~~~~~~~~~~~~~~~~~~\n       }\n     })\n\nInvalid value for argument `timestamp`: Provided Date object is invalid. Expected Date.","timestamp":"2026-05-16T20:12:10.799Z"}
{"level":"info","message":"Client connected via WebSocket: PNEbIYkzOiWPiXu4AAA0","timestamp":"2026-05-16T20:13:56.618Z"}
{"level":"info","message":"Client disconnected: PNEbIYkzOiWPiXu4AAA0","timestamp":"2026-05-16T20:13:59.127Z"}
{"level":"info","message":"Server is running on port 5000","timestamp":"2026-05-16T20:18:23.882Z"}
{"level":"info","message":"Connected to Mock MQTT broker","timestamp":"2026-05-16T20:18:23.972Z"}
{"level":"info","message":"Subscribed to factory/sensors/+","timestamp":"2026-05-16T20:18:23.972Z"}
{"level":"info","message":"Rule triggered: gas > 800 -> Action: TURN_ON_FAN","timestamp":"2026-05-16T20:18:53.028Z"}
{"level":"error","message":"Error processing MQTT message: \nInvalid `prisma.sensorReading.create()` invocation in\nD:\\Major project\\backend\\src\\mqtt\\index.ts:39:48\n\n  36 const sensorType = String(topicParts[topicParts.length - 1]); // e.g. 'temperature'\n  37 \n  38 // Save to database\n→ 39 const reading = await prisma.sensorReading.create({\n       data: {\n         sensor_id: undefined,\n         sensor_type: \"fan\",\n         value: undefined,\n         unit: undefined,\n         location: undefined,\n         status: undefined,\n         timestamp: new Date(\"Invalid Date\")\n                    ~~~~~~~~~~~~~~~~~~~~~~~~\n       }\n     })\n\nInvalid value for argument `timestamp`: Provided Date object is invalid. Expected Date.","timestamp":"2026-05-16T20:18:53.038Z"}
{"level":"info","message":"Rule triggered: gas > 800 -> Action: TURN_ON_FAN","timestamp":"2026-05-16T20:19:09.052Z"}
{"level":"error","message":"Error processing MQTT message: \nInvalid `prisma.sensorReading.create()` invocation in\nD:\\Major project\\backend\\src\\mqtt\\index.ts:39:48\n\n  36 const sensorType = String(topicParts[topicParts.length - 1]); // e.g. 'temperature'\n  37 \n  38 // Save to database\n→ 39 const reading = await prisma.sensorReading.create({\n       data: {\n         sensor_id: undefined,\n         sensor_type: \"fan\",\n         value: undefined,\n         unit: undefined,\n         location: undefined,\n         status: undefined,\n         timestamp: new Date(\"Invalid Date\")\n                    ~~~~~~~~~~~~~~~~~~~~~~~~\n       }\n     })\n\nInvalid value for argument `timestamp`: Provided Date object is invalid. Expected Date.","timestamp":"2026-05-16T20:19:09.054Z"}
{"level":"info","message":"Client connected via WebSocket: cN2VsdwuKpIhJliKAAAC","timestamp":"2026-05-16T20:21:59.691Z"}
{"level":"info","message":"Client disconnected: cN2VsdwuKpIhJliKAAAC","timestamp":"2026-05-16T20:22:04.987Z"}
{"level":"info","message":"Client connected via WebSocket: ABL37-xXT9YivlhRAAAE","timestamp":"2026-05-16T20:22:05.177Z"}
{"level":"info","message":"Client disconnected: ABL37-xXT9YivlhRAAAE","timestamp":"2026-05-16T20:22:05.753Z"}
{"level":"info","message":"Client connected via WebSocket: aOxlLQaxtBHyc1NCAAAG","timestamp":"2026-05-16T20:22:05.915Z"}
{"level":"info","message":"Client disconnected: aOxlLQaxtBHyc1NCAAAG","timestamp":"2026-05-16T20:22:06.276Z"}
{"level":"info","message":"Client connected via WebSocket: q0mfeGI11rWOTxcdAAAI","timestamp":"2026-05-16T20:22:06.432Z"}
{"level":"info","message":"Client connected via WebSocket: pJptKVMZOPjULwqtAAAK","timestamp":"2026-05-16T20:22:44.652Z"}
{"level":"info","message":"Client disconnected: q0mfeGI11rWOTxcdAAAI","timestamp":"2026-05-16T20:22:45.570Z"}
{"level":"info","message":"Client disconnected: pJptKVMZOPjULwqtAAAK","timestamp":"2026-05-16T20:22:46.882Z"}
{"level":"info","message":"Client connected via WebSocket: OWKBu9OaTu41XwUVAAAN","timestamp":"2026-05-16T20:22:50.164Z"}
{"level":"info","message":"Rule triggered: gas > 800 -> Action: TURN_ON_FAN","timestamp":"2026-05-16T20:23:09.423Z"}
{"level":"error","message":"Error processing MQTT message: \nInvalid `prisma.sensorReading.create()` invocation in\nD:\\Major project\\backend\\src\\mqtt\\index.ts:39:48\n\n  36 const sensorType = String(topicParts[topicParts.length - 1]); // e.g. 'temperature'\n  37 \n  38 // Save to database\n→ 39 const reading = await prisma.sensorReading.create({\n       data: {\n         sensor_id: undefined,\n         sensor_type: \"fan\",\n         value: undefined,\n         unit: undefined,\n         location: undefined,\n         status: undefined,\n         timestamp: new Date(\"Invalid Date\")\n                    ~~~~~~~~~~~~~~~~~~~~~~~~\n       }\n     })\n\nInvalid value for argument `timestamp`: Provided Date object is invalid. Expected Date.","timestamp":"2026-05-16T20:23:09.424Z"}
{"level":"error","message":"Error processing MQTT message: \nInvalid `prisma.sensorReading.create()` invocation in\nD:\\Major project\\backend\\src\\mqtt\\index.ts:39:48\n\n  36 const sensorType = String(topicParts[topicParts.length - 1]); // e.g. 'temperature'\n  37 \n  38 // Save to database\n→ 39 const reading = await prisma.sensorReading.create({\n       data: {\n         sensor_type: \"fan\",\n         value: undefined,\n         unit: undefined,\n         location: undefined,\n         status: undefined,\n         timestamp: new Date(\"2026-05-16T20:23:15.133Z\"),\n     +   sensor_id: String\n       }\n     })\n\nArgument `sensor_id` is missing.","timestamp":"2026-05-16T20:23:15.138Z"}
{"level":"error","message":"Error processing MQTT message: \nInvalid `prisma.sensorReading.create()` invocation in\nD:\\Major project\\backend\\src\\mqtt\\index.ts:39:48\n\n  36 const sensorType = String(topicParts[topicParts.length - 1]); // e.g. 'temperature'\n  37 \n  38 // Save to database\n→ 39 const reading = await prisma.sensorReading.create({\n       data: {\n         sensor_type: \"fan\",\n         value: undefined,\n         unit: undefined,\n         location: undefined,\n         status: undefined,\n         timestamp: new Date(\"2026-05-16T20:23:17.519Z\"),\n     +   sensor_id: String\n       }\n     })\n\nArgument `sensor_id` is missing.","timestamp":"2026-05-16T20:23:17.522Z"}
{"level":"error","message":"Error processing MQTT message: \nInvalid `prisma.sensorReading.create()` invocation in\nD:\\Major project\\backend\\src\\mqtt\\index.ts:39:48\n\n  36 const sensorType = String(topicParts[topicParts.length - 1]); // e.g. 'temperature'\n  37 \n  38 // Save to database\n→ 39 const reading = await prisma.sensorReading.create({\n       data: {\n         sensor_type: \"fan\",\n         value: undefined,\n         unit: undefined,\n         location: undefined,\n         status: undefined,\n         timestamp: new Date(\"2026-05-16T20:23:18.347Z\"),\n     +   sensor_id: String\n       }\n     })\n\nArgument `sensor_id` is missing.","timestamp":"2026-05-16T20:23:18.349Z"}
{"level":"error","message":"Error processing MQTT message: \nInvalid `prisma.sensorReading.create()` invocation in\nD:\\Major project\\backend\\src\\mqtt\\index.ts:39:48\n\n  36 const sensorType = String(topicParts[topicParts.length - 1]); // e.g. 'temperature'\n  37 \n  38 // Save to database\n→ 39 const reading = await prisma.sensorReading.create({\n       data: {\n         sensor_type: \"fan\",\n         value: undefined,\n         unit: undefined,\n         location: undefined,\n         status: undefined,\n         timestamp: new Date(\"2026-05-16T20:23:18.924Z\"),\n     +   sensor_id: String\n       }\n     })\n\nArgument `sensor_id` is missing.","timestamp":"2026-05-16T20:23:18.926Z"}
{"level":"error","message":"Error processing MQTT message: \nInvalid `prisma.sensorReading.create()` invocation in\nD:\\Major project\\backend\\src\\mqtt\\index.ts:39:48\n\n  36 const sensorType = String(topicParts[topicParts.length - 1]); // e.g. 'temperature'\n  37 \n  38 // Save to database\n→ 39 const reading = await prisma.sensorReading.create({\n       data: {\n         sensor_type: \"alarm\",\n         value: undefined,\n         unit: undefined,\n         location: undefined,\n         status: undefined,\n         timestamp: new Date(\"2026-05-16T20:23:20.580Z\"),\n     +   sensor_id: String\n       }\n     })\n\nArgument `sensor_id` is missing.","timestamp":"2026-05-16T20:23:20.582Z"}
{"level":"error","message":"Error processing MQTT message: \nInvalid `prisma.sensorReading.create()` invocation in\nD:\\Major project\\backend\\src\\mqtt\\index.ts:39:48\n\n  36 const sensorType = String(topicParts[topicParts.length - 1]); // e.g. 'temperature'\n  37 \n  38 // Save to database\n→ 39 const reading = await prisma.sensorReading.create({\n       data: {\n         sensor_type: \"alarm\",\n         value: undefined,\n         unit: undefined,\n         location: undefined,\n         status: undefined,\n         timestamp: new Date(\"2026-05-16T20:23:21.291Z\"),\n     +   sensor_id: String\n       }\n     })\n\nArgument `sensor_id` is missing.","timestamp":"2026-05-16T20:23:21.294Z"}
{"level":"info","message":"Client disconnected: OWKBu9OaTu41XwUVAAAN","timestamp":"2026-05-16T20:23:24.036Z"}
{"level":"info","message":"Client connected via WebSocket: cXCuuNu5aTNf54L0AAAP","timestamp":"2026-05-16T20:24:27.211Z"}
{"level":"info","message":"Rule triggered: gas > 800 -> Action: TURN_ON_FAN","timestamp":"2026-05-16T20:24:29.537Z"}
{"level":"error","message":"Error processing MQTT message: \nInvalid `prisma.sensorReading.create()` invocation in\nD:\\Major project\\backend\\src\\mqtt\\index.ts:39:48\n\n  36 const sensorType = String(topicParts[topicParts.length - 1]); // e.g. 'temperature'\n  37 \n  38 // Save to database\n→ 39 const reading = await prisma.sensorReading.create({\n       data: {\n         sensor_id: undefined,\n         sensor_type: \"fan\",\n         value: undefined,\n         unit: undefined,\n         location: undefined,\n         status: undefined,\n         timestamp: new Date(\"Invalid Date\")\n                    ~~~~~~~~~~~~~~~~~~~~~~~~\n       }\n     })\n\nInvalid value for argument `timestamp`: Provided Date object is invalid. Expected Date.","timestamp":"2026-05-16T20:24:29.538Z"}
{"level":"info","message":"Rule triggered: gas > 800 -> Action: TURN_ON_FAN","timestamp":"2026-05-16T20:24:53.569Z"}
{"level":"error","message":"Error processing MQTT message: \nInvalid `prisma.sensorReading.create()` invocation in\nD:\\Major project\\backend\\src\\mqtt\\index.ts:39:48\n\n  36 const sensorType = String(topicParts[topicParts.length - 1]); // e.g. 'temperature'\n  37 \n  38 // Save to database\n→ 39 const reading = await prisma.sensorReading.create({\n       data: {\n         sensor_id: undefined,\n         sensor_type: \"fan\",\n         value: undefined,\n         unit: undefined,\n         location: undefined,\n         status: undefined,\n         timestamp: new Date(\"Invalid Date\")\n                    ~~~~~~~~~~~~~~~~~~~~~~~~\n       }\n     })\n\nInvalid value for argument `timestamp`: Provided Date object is invalid. Expected Date.","timestamp":"2026-05-16T20:24:53.569Z"}
{"level":"info","message":"Client disconnected: cXCuuNu5aTNf54L0AAAP","timestamp":"2026-05-16T20:25:12.201Z"}
{"level":"info","message":"Client connected via WebSocket: 2CeKWjJHRe2sHakzAAAS","timestamp":"2026-05-16T20:25:17.081Z"}
{"level":"info","message":"Client disconnected: 2CeKWjJHRe2sHakzAAAS","timestamp":"2026-05-16T20:25:19.680Z"}
{"level":"info","message":"Server is running on port 5000","timestamp":"2026-05-16T20:28:13.035Z"}
{"level":"info","message":"Connected to Mock MQTT broker","timestamp":"2026-05-16T20:28:13.132Z"}
{"level":"info","message":"Subscribed to factory/sensors/+","timestamp":"2026-05-16T20:28:13.133Z"}
{"level":"info","message":"Server is running on port 5000","timestamp":"2026-05-16T20:28:33.614Z"}
{"level":"info","message":"Connected to Mock MQTT broker","timestamp":"2026-05-16T20:28:33.715Z"}
{"level":"info","message":"Subscribed to factory/sensors/+","timestamp":"2026-05-16T20:28:33.715Z"}
{"level":"info","message":"Client connected via WebSocket: AvVcBgMupGj7mgSbAAAC","timestamp":"2026-05-16T20:30:38.234Z"}
{"level":"info","message":"Client disconnected: AvVcBgMupGj7mgSbAAAC","timestamp":"2026-05-16T20:30:38.358Z"}
{"level":"info","message":"Rule triggered: gas > 800 -> Action: TURN_ON_FAN","timestamp":"2026-05-16T20:31:59.005Z"}
{"level":"error","message":"Error processing MQTT message: \nInvalid `prisma.sensorReading.create()` invocation in\nD:\\Major project\\backend\\src\\mqtt\\index.ts:39:48\n\n  36 const sensorType = String(topicParts[topicParts.length - 1]); // e.g. 'temperature'\n  37 \n  38 // Save to database\n→ 39 const reading = await prisma.sensorReading.create({\n       data: {\n         sensor_id: undefined,\n         sensor_type: \"fan\",\n         value: undefined,\n         unit: undefined,\n         location: undefined,\n         status: undefined,\n         timestamp: new Date(\"Invalid Date\")\n                    ~~~~~~~~~~~~~~~~~~~~~~~~\n       }\n     })\n\nInvalid value for argument `timestamp`: Provided Date object is invalid. Expected Date.","timestamp":"2026-05-16T20:31:59.012Z"}
{"level":"info","message":"Client connected via WebSocket: IQJq2Nr6dsSQozXCAAAF","timestamp":"2026-05-16T20:33:41.850Z"}
{"level":"info","message":"Rule triggered: gas > 800 -> Action: TURN_ON_FAN","timestamp":"2026-05-16T20:34:23.225Z"}
{"level":"error","message":"Error processing MQTT message: \nInvalid `prisma.sensorReading.create()` invocation in\nD:\\Major project\\backend\\src\\mqtt\\index.ts:39:48\n\n  36 const sensorType = String(topicParts[topicParts.length - 1]); // e.g. 'temperature'\n  37 \n  38 // Save to database\n→ 39 const reading = await prisma.sensorReading.create({\n       data: {\n         sensor_id: undefined,\n         sensor_type: \"fan\",\n         value: undefined,\n         unit: undefined,\n         location: undefined,\n         status: undefined,\n         timestamp: new Date(\"Invalid Date\")\n                    ~~~~~~~~~~~~~~~~~~~~~~~~\n       }\n     })\n\nInvalid value for argument `timestamp`: Provided Date object is invalid. Expected Date.","timestamp":"2026-05-16T20:34:23.226Z"}
{"level":"info","message":"Rule triggered: gas > 800 -> Action: TURN_ON_FAN","timestamp":"2026-05-16T20:34:47.263Z"}
{"level":"error","message":"Error processing MQTT message: \nInvalid `prisma.sensorReading.create()` invocation in\nD:\\Major project\\backend\\src\\mqtt\\index.ts:39:48\n\n  36 const sensorType = String(topicParts[topicParts.length - 1]); // e.g. 'temperature'\n  37 \n  38 // Save to database\n→ 39 const reading = await prisma.sensorReading.create({\n       data: {\n         sensor_id: undefined,\n         sensor_type: \"fan\",\n         value: undefined,\n         unit: undefined,\n         location: undefined,\n         status: undefined,\n         timestamp: new Date(\"Invalid Date\")\n                    ~~~~~~~~~~~~~~~~~~~~~~~~\n       }\n     })\n\nInvalid value for argument `timestamp`: Provided Date object is invalid. Expected Date.","timestamp":"2026-05-16T20:34:47.264Z"}
{"level":"info","message":"Rule triggered: gas > 800 -> Action: TURN_ON_FAN","timestamp":"2026-05-16T20:36:15.412Z"}
{"level":"error","message":"Error processing MQTT message: \nInvalid `prisma.sensorReading.create()` invocation in\nD:\\Major project\\backend\\src\\mqtt\\index.ts:39:48\n\n  36 const sensorType = String(topicParts[topicParts.length - 1]); // e.g. 'temperature'\n  37 \n  38 // Save to database\n→ 39 const reading = await prisma.sensorReading.create({\n       data: {\n         sensor_id: undefined,\n         sensor_type: \"fan\",\n         value: undefined,\n         unit: undefined,\n         location: undefined,\n         status: undefined,\n         timestamp: new Date(\"Invalid Date\")\n                    ~~~~~~~~~~~~~~~~~~~~~~~~\n       }\n     })\n\nInvalid value for argument `timestamp`: Provided Date object is invalid. Expected Date.","timestamp":"2026-05-16T20:36:15.413Z"}
{"level":"info","message":"Server is running on port 5000","timestamp":"2026-05-16T20:36:27.443Z"}
{"level":"info","message":"Connected to Mock MQTT broker","timestamp":"2026-05-16T20:36:27.543Z"}
{"level":"info","message":"Subscribed to factory/sensors/+","timestamp":"2026-05-16T20:36:27.544Z"}
{"level":"info","message":"Client connected via WebSocket: 1In0MkJabR_FZkW5AAAB","timestamp":"2026-05-16T20:36:27.633Z"}
{"level":"info","message":"Server is running on port 5000","timestamp":"2026-05-16T20:36:33.982Z"}
{"level":"info","message":"Connected to Mock MQTT broker","timestamp":"2026-05-16T20:36:34.080Z"}
{"level":"info","message":"Subscribed to factory/sensors/+","timestamp":"2026-05-16T20:36:34.081Z"}
{"level":"info","message":"Client connected via WebSocket: 9nt92cT4J_7zIGXYAAAB","timestamp":"2026-05-16T20:36:34.120Z"}
{"level":"info","message":"Server is running on port 5000","timestamp":"2026-05-16T20:36:48.966Z"}
{"level":"info","message":"Client connected via WebSocket: t9Oqi5SZliIbGeSeAAAB","timestamp":"2026-05-16T20:36:49.000Z"}
{"level":"info","message":"Connected to Mock MQTT broker","timestamp":"2026-05-16T20:36:49.071Z"}
{"level":"info","message":"Subscribed to factory/sensors/+","timestamp":"2026-05-16T20:36:49.072Z"}
{"level":"info","message":"Server is running on port 5000","timestamp":"2026-05-16T20:36:55.335Z"}
{"level":"info","message":"Connected to Mock MQTT broker","timestamp":"2026-05-16T20:36:55.438Z"}
{"level":"info","message":"Subscribed to factory/sensors/+","timestamp":"2026-05-16T20:36:55.438Z"}
{"level":"info","message":"Client connected via WebSocket: TXBf4yZEq_4tqEo2AAAB","timestamp":"2026-05-16T20:36:55.554Z"}
{"level":"info","message":"Telegram alert sent successfully","timestamp":"2026-05-16T20:38:20.147Z"}
{"level":"info","message":"Rule triggered: gas > 800 -> Action: TURN_ON_FAN","timestamp":"2026-05-16T20:38:44.527Z"}
{"level":"error","message":"Error processing MQTT message: \nInvalid `prisma.sensorReading.create()` invocation in\nD:\\Major project\\backend\\src\\mqtt\\index.ts:39:48\n\n  36 const sensorType = String(topicParts[topicParts.length - 1]); // e.g. 'temperature'\n  37 \n  38 // Save to database\n→ 39 const reading = await prisma.sensorReading.create({\n       data: {\n         sensor_id: undefined,\n         sensor_type: \"fan\",\n         value: undefined,\n         unit: undefined,\n         location: undefined,\n         status: undefined,\n         timestamp: new Date(\"Invalid Date\")\n                    ~~~~~~~~~~~~~~~~~~~~~~~~\n       }\n     })\n\nInvalid value for argument `timestamp`: Provided Date object is invalid. Expected Date.","timestamp":"2026-05-16T20:38:44.542Z"}
{"level":"info","message":"Telegram alert sent successfully","timestamp":"2026-05-16T20:38:45.750Z"}
{"level":"info","message":"Rule triggered: gas > 800 -> Action: TURN_ON_FAN","timestamp":"2026-05-16T20:39:16.576Z"}
{"level":"error","message":"Error processing MQTT message: \nInvalid `prisma.sensorReading.create()` invocation in\nD:\\Major project\\backend\\src\\mqtt\\index.ts:39:48\n\n  36 const sensorType = String(topicParts[topicParts.length - 1]); // e.g. 'temperature'\n  37 \n  38 // Save to database\n→ 39 const reading = await prisma.sensorReading.create({\n       data: {\n         sensor_id: undefined,\n         sensor_type: \"fan\",\n         value: undefined,\n         unit: undefined,\n         location: undefined,\n         status: undefined,\n         timestamp: new Date(\"Invalid Date\")\n                    ~~~~~~~~~~~~~~~~~~~~~~~~\n       }\n     })\n\nInvalid value for argument `timestamp`: Provided Date object is invalid. Expected Date.","timestamp":"2026-05-16T20:39:16.578Z"}
{"level":"info","message":"Telegram alert sent successfully","timestamp":"2026-05-16T20:39:17.691Z"}
{"level":"info","message":"Rule triggered: gas > 800 -> Action: TURN_ON_FAN","timestamp":"2026-05-16T20:39:40.613Z"}
{"level":"error","message":"Error processing MQTT message: \nInvalid `prisma.sensorReading.create()` invocation in\nD:\\Major project\\backend\\src\\mqtt\\index.ts:39:48\n\n  36 const sensorType = String(topicParts[topicParts.length - 1]); // e.g. 'temperature'\n  37 \n  38 // Save to database\n→ 39 const reading = await prisma.sensorReading.create({\n       data: {\n         sensor_id: undefined,\n         sensor_type: \"fan\",\n         value: undefined,\n         unit: undefined,\n         location: undefined,\n         status: undefined,\n         timestamp: new Date(\"Invalid Date\")\n                    ~~~~~~~~~~~~~~~~~~~~~~~~\n       }\n     })\n\nInvalid value for argument `timestamp`: Provided Date object is invalid. Expected Date.","timestamp":"2026-05-16T20:39:40.615Z"}
{"level":"info","message":"Telegram alert sent successfully","timestamp":"2026-05-16T20:39:41.940Z"}
{"level":"info","message":"Rule triggered: gas > 800 -> Action: TURN_ON_FAN","timestamp":"2026-05-16T20:42:04.786Z"}
{"level":"error","message":"Error processing MQTT message: \nInvalid `prisma.sensorReading.create()` invocation in\nD:\\Major project\\backend\\src\\mqtt\\index.ts:39:48\n\n  36 const sensorType = String(topicParts[topicParts.length - 1]); // e.g. 'temperature'\n  37 \n  38 // Save to database\n→ 39 const reading = await prisma.sensorReading.create({\n       data: {\n         sensor_id: undefined,\n         sensor_type: \"fan\",\n         value: undefined,\n         unit: undefined,\n         location: undefined,\n         status: undefined,\n         timestamp: new Date(\"Invalid Date\")\n                    ~~~~~~~~~~~~~~~~~~~~~~~~\n       }\n     })\n\nInvalid value for argument `timestamp`: Provided Date object is invalid. Expected Date.","timestamp":"2026-05-16T20:42:04.788Z"}
{"level":"info","message":"Telegram alert sent successfully","timestamp":"2026-05-16T20:42:06.075Z"}
{"level":"info","message":"Rule triggered: gas > 800 -> Action: TURN_ON_FAN","timestamp":"2026-05-16T20:42:28.829Z"}
{"level":"error","message":"Error processing MQTT message: \nInvalid `prisma.sensorReading.create()` invocation in\nD:\\Major project\\backend\\src\\mqtt\\index.ts:39:48\n\n  36 const sensorType = String(topicParts[topicParts.length - 1]); // e.g. 'temperature'\n  37 \n  38 // Save to database\n→ 39 const reading = await prisma.sensorReading.create({\n       data: {\n         sensor_id: undefined,\n         sensor_type: \"fan\",\n         value: undefined,\n         unit: undefined,\n         location: undefined,\n         status: undefined,\n         timestamp: new Date(\"Invalid Date\")\n                    ~~~~~~~~~~~~~~~~~~~~~~~~\n       }\n     })\n\nInvalid value for argument `timestamp`: Provided Date object is invalid. Expected Date.","timestamp":"2026-05-16T20:42:28.830Z"}
{"level":"info","message":"Telegram alert sent successfully","timestamp":"2026-05-16T20:42:30.178Z"}
{"level":"info","message":"Client connected via WebSocket: No3RDG5gIi3TQqbGAAAD","timestamp":"2026-05-16T20:44:41.955Z"}
{"level":"info","message":"Rule triggered: gas > 800 -> Action: TURN_ON_FAN","timestamp":"2026-05-16T20:45:13.128Z"}
{"level":"error","message":"Error processing MQTT message: \nInvalid `prisma.sensorReading.create()` invocation in\nD:\\Major project\\backend\\src\\mqtt\\index.ts:39:48\n\n  36 const sensorType = String(topicParts[topicParts.length - 1]); // e.g. 'temperature'\n  37 \n  38 // Save to database\n→ 39 const reading = await prisma.sensorReading.create({\n       data: {\n         sensor_id: undefined,\n         sensor_type: \"fan\",\n         value: undefined,\n         unit: undefined,\n         location: undefined,\n         status: undefined,\n         timestamp: new Date(\"Invalid Date\")\n                    ~~~~~~~~~~~~~~~~~~~~~~~~\n       }\n     })\n\nInvalid value for argument `timestamp`: Provided Date object is invalid. Expected Date.","timestamp":"2026-05-16T20:45:13.130Z"}
{"level":"info","message":"Telegram alert sent successfully","timestamp":"2026-05-16T20:45:14.324Z"}
{"level":"info","message":"Rule triggered: gas > 800 -> Action: TURN_ON_FAN","timestamp":"2026-05-16T20:46:09.207Z"}
{"level":"error","message":"Error processing MQTT message: \nInvalid `prisma.sensorReading.create()` invocation in\nD:\\Major project\\backend\\src\\mqtt\\index.ts:39:48\n\n  36 const sensorType = String(topicParts[topicParts.length - 1]); // e.g. 'temperature'\n  37 \n  38 // Save to database\n→ 39 const reading = await prisma.sensorReading.create({\n       data: {\n         sensor_id: undefined,\n         sensor_type: \"fan\",\n         value: undefined,\n         unit: undefined,\n         location: undefined,\n         status: undefined,\n         timestamp: new Date(\"Invalid Date\")\n                    ~~~~~~~~~~~~~~~~~~~~~~~~\n       }\n     })\n\nInvalid value for argument `timestamp`: Provided Date object is invalid. Expected Date.","timestamp":"2026-05-16T20:46:09.208Z"}
{"level":"info","message":"Telegram alert sent successfully","timestamp":"2026-05-16T20:46:10.542Z"}
{"level":"info","message":"Server is running on port 5000","timestamp":"2026-05-16T20:46:39.019Z"}
{"level":"info","message":"Connected to Mock MQTT broker","timestamp":"2026-05-16T20:46:39.116Z"}
{"level":"info","message":"Subscribed to factory/sensors/+","timestamp":"2026-05-16T20:46:39.117Z"}
{"level":"info","message":"Client connected via WebSocket: rnQLYgcuUal5fyXVAAAB","timestamp":"2026-05-16T20:46:39.221Z"}
{"level":"info","message":"Client connected via WebSocket: WUaMpZT9LXs-m1zaAAAD","timestamp":"2026-05-16T20:46:39.319Z"}
{"level":"info","message":"Client disconnected: rnQLYgcuUal5fyXVAAAB","timestamp":"2026-05-16T20:46:47.680Z"}
{"level":"info","message":"Client connected via WebSocket: 7KrLTyI_BL9IXT3iAAAF","timestamp":"2026-05-16T20:46:52.628Z"}
{"level":"info","message":"Client disconnected: 7KrLTyI_BL9IXT3iAAAF","timestamp":"2026-05-16T20:46:53.970Z"}
{"level":"info","message":"Client connected via WebSocket: y-CHZh7epxasRvlsAAAH","timestamp":"2026-05-16T20:46:54.770Z"}
{"level":"info","message":"Server is running on port 5000","timestamp":"2026-05-16T20:47:04.763Z"}
{"level":"info","message":"Client connected via WebSocket: Mgw1hnwtfqx9co23AAAB","timestamp":"2026-05-16T20:47:04.850Z"}
{"level":"info","message":"Connected to Mock MQTT broker","timestamp":"2026-05-16T20:47:04.865Z"}
{"level":"info","message":"Subscribed to factory/sensors/+","timestamp":"2026-05-16T20:47:04.866Z"}
{"level":"info","message":"Client connected via WebSocket: _hX06teUfF6xX8R6AAAD","timestamp":"2026-05-16T20:47:04.971Z"}
{"level":"info","message":"Rule triggered: gas > 800 -> Action: TURN_ON_FAN","timestamp":"2026-05-16T20:47:49.954Z"}
{"level":"error","message":"Error processing MQTT message: \nInvalid `prisma.sensorReading.create()` invocation in\nD:\\Major project\\backend\\src\\mqtt\\index.ts:39:48\n\n  36 const sensorType = String(topicParts[topicParts.length - 1]); // e.g. 'temperature'\n  37 \n  38 // Save to database\n→ 39 const reading = await prisma.sensorReading.create({\n       data: {\n         sensor_id: undefined,\n         sensor_type: \"fan\",\n         value: undefined,\n         unit: undefined,\n         location: undefined,\n         status: undefined,\n         timestamp: new Date(\"Invalid Date\")\n                    ~~~~~~~~~~~~~~~~~~~~~~~~\n       }\n     })\n\nInvalid value for argument `timestamp`: Provided Date object is invalid. Expected Date.","timestamp":"2026-05-16T20:47:49.965Z"}
{"level":"info","message":"Telegram alert sent successfully","timestamp":"2026-05-16T20:47:51.511Z"}
{"level":"info","message":"Rule triggered: gas > 800 -> Action: TURN_ON_FAN","timestamp":"2026-05-16T20:48:33.998Z"}
{"level":"error","message":"Error processing MQTT message: \nInvalid `prisma.sensorReading.create()` invocation in\nD:\\Major project\\backend\\src\\mqtt\\index.ts:39:48\n\n  36 const sensorType = String(topicParts[topicParts.length - 1]); // e.g. 'temperature'\n  37 \n  38 // Save to database\n→ 39 const reading = await prisma.sensorReading.create({\n       data: {\n         sensor_id: undefined,\n         sensor_type: \"fan\",\n         value: undefined,\n         unit: undefined,\n         location: undefined,\n         status: undefined,\n         timestamp: new Date(\"Invalid Date\")\n                    ~~~~~~~~~~~~~~~~~~~~~~~~\n       }\n     })\n\nInvalid value for argument `timestamp`: Provided Date object is invalid. Expected Date.","timestamp":"2026-05-16T20:48:34.000Z"}
{"level":"info","message":"Telegram alert sent successfully","timestamp":"2026-05-16T20:48:35.080Z"}
{"level":"info","message":"Rule triggered: gas > 800 -> Action: TURN_ON_FAN","timestamp":"2026-05-16T20:50:30.200Z"}
{"level":"error","message":"Error processing MQTT message: \nInvalid `prisma.sensorReading.create()` invocation in\nD:\\Major project\\backend\\src\\mqtt\\index.ts:39:48\n\n  36 const sensorType = String(topicParts[topicParts.length - 1]); // e.g. 'temperature'\n  37 \n  38 // Save to database\n→ 39 const reading = await prisma.sensorReading.create({\n       data: {\n         sensor_id: undefined,\n         sensor_type: \"fan\",\n         value: undefined,\n         unit: undefined,\n         location: undefined,\n         status: undefined,\n         timestamp: new Date(\"Invalid Date\")\n                    ~~~~~~~~~~~~~~~~~~~~~~~~\n       }\n     })\n\nInvalid value for argument `timestamp`: Provided Date object is invalid. Expected Date.","timestamp":"2026-05-16T20:50:30.202Z"}
{"level":"info","message":"Telegram alert sent successfully","timestamp":"2026-05-16T20:50:31.455Z"}
{"level":"info","message":"Server is running on port 5000","timestamp":"2026-05-16T21:10:32.204Z"}
{"level":"info","message":"Connected to Mock MQTT broker","timestamp":"2026-05-16T21:10:32.302Z"}
{"level":"info","message":"Subscribed to factory/sensors/+","timestamp":"2026-05-16T21:10:32.302Z"}
{"level":"info","message":"Client connected via WebSocket: W7Af34EKLiy69SIEAAAB","timestamp":"2026-05-16T21:10:32.704Z"}
{"level":"info","message":"Rule triggered: gas > 800 -> Action: TURN_ON_FAN","timestamp":"2026-05-16T21:10:37.298Z"}
{"level":"error","message":"Error processing MQTT message: \nInvalid `prisma.sensorReading.create()` invocation in\nD:\\Major project\\backend\\src\\mqtt\\index.ts:39:48\n\n  36 const sensorType = String(topicParts[topicParts.length - 1]); // e.g. 'temperature'\n  37 \n  38 // Save to database\n→ 39 const reading = await prisma.sensorReading.create({\n       data: {\n         sensor_id: undefined,\n         sensor_type: \"fan\",\n         value: undefined,\n         unit: undefined,\n         location: undefined,\n         status: undefined,\n         timestamp: new Date(\"Invalid Date\")\n                    ~~~~~~~~~~~~~~~~~~~~~~~~\n       }\n     })\n\nInvalid value for argument `timestamp`: Provided Date object is invalid. Expected Date.","timestamp":"2026-05-16T21:10:37.307Z"}
{"level":"info","message":"Telegram alert sent successfully","timestamp":"2026-05-16T21:10:38.554Z"}
{"level":"info","message":"Rule triggered: gas > 800 -> Action: TURN_ON_FAN","timestamp":"2026-05-16T21:12:13.361Z"}
{"level":"error","message":"Error processing MQTT message: \nInvalid `prisma.sensorReading.create()` invocation in\nD:\\Major project\\backend\\src\\mqtt\\index.ts:39:48\n\n  36 const sensorType = String(topicParts[topicParts.length - 1]); // e.g. 'temperature'\n  37 \n  38 // Save to database\n→ 39 const reading = await prisma.sensorReading.create({\n       data: {\n         sensor_id: undefined,\n         sensor_type: \"fan\",\n         value: undefined,\n         unit: undefined,\n         location: undefined,\n         status: undefined,\n         timestamp: new Date(\"Invalid Date\")\n                    ~~~~~~~~~~~~~~~~~~~~~~~~\n       }\n     })\n\nInvalid value for argument `timestamp`: Provided Date object is invalid. Expected Date.","timestamp":"2026-05-16T21:12:13.363Z"}
{"level":"info","message":"Telegram alert sent successfully","timestamp":"2026-05-16T21:12:14.589Z"}
{"level":"info","message":"Rule triggered: gas > 800 -> Action: TURN_ON_FAN","timestamp":"2026-05-16T21:12:21.364Z"}
{"level":"error","message":"Error processing MQTT message: \nInvalid `prisma.sensorReading.create()` invocation in\nD:\\Major project\\backend\\src\\mqtt\\index.ts:39:48\n\n  36 const sensorType = String(topicParts[topicParts.length - 1]); // e.g. 'temperature'\n  37 \n  38 // Save to database\n→ 39 const reading = await prisma.sensorReading.create({\n       data: {\n         sensor_id: undefined,\n         sensor_type: \"fan\",\n         value: undefined,\n         unit: undefined,\n         location: undefined,\n         status: undefined,\n         timestamp: new Date(\"Invalid Date\")\n                    ~~~~~~~~~~~~~~~~~~~~~~~~\n       }\n     })\n\nInvalid value for argument `timestamp`: Provided Date object is invalid. Expected Date.","timestamp":"2026-05-16T21:12:21.365Z"}
{"level":"info","message":"Telegram alert sent successfully","timestamp":"2026-05-16T21:12:22.445Z"}
{"level":"info","message":"Client disconnected: W7Af34EKLiy69SIEAAAB","timestamp":"2026-05-16T21:12:25.490Z"}
{"level":"info","message":"Client connected via WebSocket: 6_9Yvjd7iQExKNlpAAAE","timestamp":"2026-05-16T21:12:45.359Z"}
{"level":"info","message":"Client disconnected: 6_9Yvjd7iQExKNlpAAAE","timestamp":"2026-05-16T21:12:58.195Z"}
{"level":"info","message":"Rule triggered: gas > 800 -> Action: TURN_ON_FAN","timestamp":"2026-05-16T21:13:29.457Z"}
{"level":"error","message":"Error processing MQTT message: \nInvalid `prisma.sensorReading.create()` invocation in\nD:\\Major project\\backend\\src\\mqtt\\index.ts:39:48\n\n  36 const sensorType = String(topicParts[topicParts.length - 1]); // e.g. 'temperature'\n  37 \n  38 // Save to database\n→ 39 const reading = await prisma.sensorReading.create({\n       data: {\n         sensor_id: undefined,\n         sensor_type: \"fan\",\n         value: undefined,\n         unit: undefined,\n         location: undefined,\n         status: undefined,\n         timestamp: new Date(\"Invalid Date\")\n                    ~~~~~~~~~~~~~~~~~~~~~~~~\n       }\n     })\n\nInvalid value for argument `timestamp`: Provided Date object is invalid. Expected Date.","timestamp":"2026-05-16T21:13:29.458Z"}
{"level":"info","message":"Telegram alert sent successfully","timestamp":"2026-05-16T21:13:30.979Z"}
{"level":"info","message":"Rule triggered: gas > 800 -> Action: TURN_ON_FAN","timestamp":"2026-05-16T21:14:13.533Z"}
{"level":"error","message":"Error processing MQTT message: \nInvalid `prisma.sensorReading.create()` invocation in\nD:\\Major project\\backend\\src\\mqtt\\index.ts:39:48\n\n  36 const sensorType = String(topicParts[topicParts.length - 1]); // e.g. 'temperature'\n  37 \n  38 // Save to database\n→ 39 const reading = await prisma.sensorReading.create({\n       data: {\n         sensor_id: undefined,\n         sensor_type: \"fan\",\n         value: undefined,\n         unit: undefined,\n         location: undefined,\n         status: undefined,\n         timestamp: new Date(\"Invalid Date\")\n                    ~~~~~~~~~~~~~~~~~~~~~~~~\n       }\n     })\n\nInvalid value for argument `timestamp`: Provided Date object is invalid. Expected Date.","timestamp":"2026-05-16T21:14:13.534Z"}
{"level":"info","message":"Telegram alert sent successfully","timestamp":"2026-05-16T21:14:14.677Z"}
{"level":"info","message":"Rule triggered: gas > 800 -> Action: TURN_ON_FAN","timestamp":"2026-05-16T21:14:25.531Z"}
{"level":"error","message":"Error processing MQTT message: \nInvalid `prisma.sensorReading.create()` invocation in\nD:\\Major project\\backend\\src\\mqtt\\index.ts:39:48\n\n  36 const sensorType = String(topicParts[topicParts.length - 1]); // e.g. 'temperature'\n  37 \n  38 // Save to database\n→ 39 const reading = await prisma.sensorReading.create({\n       data: {\n         sensor_id: undefined,\n         sensor_type: \"fan\",\n         value: undefined,\n         unit: undefined,\n         location: undefined,\n         status: undefined,\n         timestamp: new Date(\"Invalid Date\")\n                    ~~~~~~~~~~~~~~~~~~~~~~~~\n       }\n     })\n\nInvalid value for argument `timestamp`: Provided Date object is invalid. Expected Date.","timestamp":"2026-05-16T21:14:25.532Z"}
{"level":"info","message":"Telegram alert sent successfully","timestamp":"2026-05-16T21:14:26.723Z"}
{"level":"info","message":"Rule triggered: gas > 800 -> Action: TURN_ON_FAN","timestamp":"2026-05-16T21:14:33.534Z"}
{"level":"error","message":"Error processing MQTT message: \nInvalid `prisma.sensorReading.create()` invocation in\nD:\\Major project\\backend\\src\\mqtt\\index.ts:39:48\n\n  36 const sensorType = String(topicParts[topicParts.length - 1]); // e.g. 'temperature'\n  37 \n  38 // Save to database\n→ 39 const reading = await prisma.sensorReading.create({\n       data: {\n         sensor_id: undefined,\n         sensor_type: \"fan\",\n         value: undefined,\n         unit: undefined,\n         location: undefined,\n         status: undefined,\n         timestamp: new Date(\"Invalid Date\")\n                    ~~~~~~~~~~~~~~~~~~~~~~~~\n       }\n     })\n\nInvalid value for argument `timestamp`: Provided Date object is invalid. Expected Date.","timestamp":"2026-05-16T21:14:33.536Z"}
{"level":"info","message":"Telegram alert sent successfully","timestamp":"2026-05-16T21:14:34.671Z"}
{"level":"info","message":"Rule triggered: gas > 800 -> Action: TURN_ON_FAN","timestamp":"2026-05-16T21:14:45.540Z"}
{"level":"error","message":"Error processing MQTT message: \nInvalid `prisma.sensorReading.create()` invocation in\nD:\\Major project\\backend\\src\\mqtt\\index.ts:39:48\n\n  36 const sensorType = String(topicParts[topicParts.length - 1]); // e.g. 'temperature'\n  37 \n  38 // Save to database\n→ 39 const reading = await prisma.sensorReading.create({\n       data: {\n         sensor_id: undefined,\n         sensor_type: \"fan\",\n         value: undefined,\n         unit: undefined,\n         location: undefined,\n         status: undefined,\n         timestamp: new Date(\"Invalid Date\")\n                    ~~~~~~~~~~~~~~~~~~~~~~~~\n       }\n     })\n\nInvalid value for argument `timestamp`: Provided Date object is invalid. Expected Date.","timestamp":"2026-05-16T21:14:45.541Z"}
{"level":"info","message":"Telegram alert sent successfully","timestamp":"2026-05-16T21:14:46.754Z"}
{"level":"info","message":"Server is running on port 5000","timestamp":"2026-05-16T21:16:37.536Z"}
{"level":"info","message":"Connected to Mock MQTT broker","timestamp":"2026-05-16T21:16:37.643Z"}
{"level":"info","message":"Subscribed to factory/sensors/+","timestamp":"2026-05-16T21:16:37.644Z"}
{"level":"info","message":"Server is running on port 5000","timestamp":"2026-05-16T21:18:07.237Z"}
{"level":"info","message":"Connected to Mock MQTT broker","timestamp":"2026-05-16T21:18:07.337Z"}
{"level":"info","message":"Subscribed to factory/sensors/+","timestamp":"2026-05-16T21:18:07.338Z"}
{"level":"info","message":"Server is running on port 5000","timestamp":"2026-05-16T21:20:23.698Z"}
{"level":"info","message":"Connected to Mock MQTT broker","timestamp":"2026-05-16T21:20:23.801Z"}
{"level":"info","message":"Subscribed to factory/sensors/+","timestamp":"2026-05-16T21:20:23.801Z"}
{"level":"info","message":"Rule triggered: gas > 800 -> Action: TURN_ON_FAN","timestamp":"2026-05-16T21:21:20.838Z"}
{"level":"error","message":"Error processing MQTT message: \nInvalid `prisma.sensorReading.create()` invocation in\nD:\\Major project\\backend\\src\\mqtt\\index.ts:39:48\n\n  36 const sensorType = String(topicParts[topicParts.length - 1]); // e.g. 'temperature'\n  37 \n  38 // Save to database\n→ 39 const reading = await prisma.sensorReading.create({\n       data: {\n         sensor_id: undefined,\n         sensor_type: \"fan\",\n         value: undefined,\n         unit: undefined,\n         location: undefined,\n         status: undefined,\n         timestamp: new Date(\"Invalid Date\")\n                    ~~~~~~~~~~~~~~~~~~~~~~~~\n       }\n     })\n\nInvalid value for argument `timestamp`: Provided Date object is invalid. Expected Date.","timestamp":"2026-05-16T21:21:20.847Z"}
{"level":"info","message":"Telegram alert sent successfully","timestamp":"2026-05-16T21:21:22.215Z"}
{"level":"info","message":"Rule triggered: gas > 800 -> Action: TURN_ON_FAN","timestamp":"2026-05-16T21:21:52.887Z"}
{"level":"error","message":"Error processing MQTT message: \nInvalid `prisma.sensorReading.create()` invocation in\nD:\\Major project\\backend\\src\\mqtt\\index.ts:39:48\n\n  36 const sensorType = String(topicParts[topicParts.length - 1]); // e.g. 'temperature'\n  37 \n  38 // Save to database\n→ 39 const reading = await prisma.sensorReading.create({\n       data: {\n         sensor_id: undefined,\n         sensor_type: \"fan\",\n         value: undefined,\n         unit: undefined,\n         location: undefined,\n         status: undefined,\n         timestamp: new Date(\"Invalid Date\")\n                    ~~~~~~~~~~~~~~~~~~~~~~~~\n       }\n     })\n\nInvalid value for argument `timestamp`: Provided Date object is invalid. Expected Date.","timestamp":"2026-05-16T21:21:52.889Z"}
{"level":"info","message":"Telegram alert sent successfully","timestamp":"2026-05-16T21:21:54.067Z"}
{"level":"info","message":"Server is running on port 5000","timestamp":"2026-05-16T21:24:50.979Z"}
{"level":"info","message":"Connected to Mock MQTT broker","timestamp":"2026-05-16T21:24:51.091Z"}
{"level":"info","message":"Subscribed to factory/sensors/+","timestamp":"2026-05-16T21:24:51.091Z"}
{"level":"info","message":"Rule triggered: gas > 800 -> Action: TURN_ON_FAN","timestamp":"2026-05-16T21:25:00.045Z"}
{"level":"error","message":"Error processing MQTT message: \nInvalid `prisma.sensorReading.create()` invocation in\nD:\\Major project\\backend\\src\\mqtt\\index.ts:39:48\n\n  36 const sensorType = String(topicParts[topicParts.length - 1]); // e.g. 'temperature'\n  37 \n  38 // Save to database\n→ 39 const reading = await prisma.sensorReading.create({\n       data: {\n         sensor_id: undefined,\n         sensor_type: \"fan\",\n         value: undefined,\n         unit: undefined,\n         location: undefined,\n         status: undefined,\n         timestamp: new Date(\"Invalid Date\")\n                    ~~~~~~~~~~~~~~~~~~~~~~~~\n       }\n     })\n\nInvalid value for argument `timestamp`: Provided Date object is invalid. Expected Date.","timestamp":"2026-05-16T21:25:00.052Z"}
{"level":"info","message":"Telegram alert sent successfully","timestamp":"2026-05-16T21:25:01.065Z"}
{"level":"info","message":"Client connected via WebSocket: dCZIT_sw3GWGDZ6FAAAC","timestamp":"2026-05-16T21:25:29.356Z"}
{"level":"info","message":"Client disconnected: dCZIT_sw3GWGDZ6FAAAC","timestamp":"2026-05-16T21:25:56.620Z"}
{"level":"info","message":"Server is running on port 5000","timestamp":"2026-05-16T21:26:07.343Z"}
{"level":"info","message":"Connected to Mock MQTT broker","timestamp":"2026-05-16T21:26:07.441Z"}
{"level":"info","message":"Subscribed to factory/sensors/+","timestamp":"2026-05-16T21:26:07.442Z"}
{"level":"info","message":"Rule triggered: gas > 800 -> Action: TURN_ON_FAN","timestamp":"2026-05-16T21:26:20.404Z"}
{"level":"info","message":"Simulator connected to MQTT broker","timestamp":"2026-05-29T14:57:40.543Z"}
{"level":"info","message":"Sensor simulators started","timestamp":"2026-05-29T14:57:40.546Z"}
